<?xml version="1.0" encoding="UTF-8"?>
<!-- Generated by org.testng.reporters.JUnitReportReporter -->
<testsuite hostname="DESKTOP-VF6R5DT" failures="0" tests="21" name="MyNewClass" time="5.557" errors="0" timestamp="2025-05-19T00:40:17 EET" skipped="20">
  <testcase classname="MyNewClass" name="IframeTest" time="5.557"/>
  <testcase classname="MyNewClass" name="DynamicDropDown">
    <skipped/>
  </testcase> <!-- DynamicDropDown -->
  <testcase classname="MyNewClass" name="RadioButton">
    <skipped/>
  </testcase> <!-- RadioButton -->
  <testcase classname="MyNewClass" name="EnableDisableTest">
    <skipped/>
  </testcase> <!-- EnableDisableTest -->
  <testcase classname="MyNewClass" name="ConfirmTest">
    <skipped/>
  </testcase> <!-- ConfirmTest -->
  <testcase classname="MyNewClass" name="ElementDisplayedTest">
    <skipped/>
  </testcase> <!-- ElementDisplayedTest -->
  <testcase classname="MyNewClass" name="SelectSecondButtonOfCheckbox">
    <skipped/>
  </testcase> <!-- SelectSecondButtonOfCheckbox -->
  <testcase classname="MyNewClass" name="PrintPriceFromTable">
    <skipped/>
  </testcase> <!-- PrintPriceFromTable -->
  <testcase classname="MyNewClass" name="MouseHovering">
    <skipped/>
  </testcase> <!-- MouseHovering -->
  <testcase classname="MyNewClass" name="printTableData">
    <skipped/>
  </testcase> <!-- printTableData -->
  <testcase classname="MyNewClass" name="BokingCalenderNewTapTest">
    <skipped/>
  </testcase> <!-- BokingCalenderNewTapTest -->
  <testcase classname="MyNewClass" name="PrintTableData">
    <skipped/>
  </testcase> <!-- PrintTableData -->
  <testcase classname="MyNewClass" name="CheckboxTest1">
    <skipped/>
  </testcase> <!-- CheckboxTest1 -->
  <testcase classname="MyNewClass" name="OpenNewWindow">
    <skipped/>
  </testcase> <!-- OpenNewWindow -->
  <testcase classname="MyNewClass" name="CheckboxTest2">
    <skipped/>
  </testcase> <!-- CheckboxTest2 -->
  <testcase classname="MyNewClass" name="AutoCompleteTest">
    <skipped/>
  </testcase> <!-- AutoCompleteTest -->
  <testcase classname="MyNewClass" name="StaticDropDown">
    <skipped/>
  </testcase> <!-- StaticDropDown -->
  <testcase classname="MyNewClass" name="PrintDynamicDropDown">
    <skipped/>
  </testcase> <!-- PrintDynamicDropDown -->
  <testcase classname="MyNewClass" name="StaticList">
    <skipped/>
  </testcase> <!-- StaticList -->
  <testcase classname="MyNewClass" name="OpenNewTab">
    <skipped/>
  </testcase> <!-- OpenNewTab -->
  <testcase classname="MyNewClass" name="AlertTest">
    <skipped/>
  </testcase> <!-- AlertTest -->
</testsuite> <!-- MyNewClass -->
