<?xml version="1.0" encoding="UTF-8"?>
<!-- Generated by org.testng.reporters.JUnitReportReporter -->
<testsuite hostname="DESKTOP-VF6R5DT" failures="0" tests="5" name="MyNewClass" time="15.074" errors="0" timestamp="2025-04-23T04:11:48 EET" skipped="0">
  <testcase classname="MyNewClass" name="RadioButton" time="0.675"/>
  <testcase classname="MyNewClass" name="DynamicDropDown" time="6.975"/>
  <testcase classname="MyNewClass" name="PrintDynamicDropDown" time="6.789"/>
  <testcase classname="MyNewClass" name="CheckboxTest" time="0.423"/>
  <testcase classname="MyNewClass" name="SelectSecondButtonOfCheckbox" time="0.212"/>
</testsuite> <!-- MyNewClass -->
