<?xml version="1.0" encoding="UTF-8"?>
<!-- Generated by org.testng.reporters.JUnitReportReporter -->
<testsuite hostname="DESKTOP-VF6R5DT" failures="0" tests="3" name="MyNewClass" time="11.401" errors="0" timestamp="2025-04-23T02:02:49 EET" skipped="0">
  <testcase classname="MyNewClass" name="RadioButton" time="0.330"/>
  <testcase classname="MyNewClass" name="DynamicDropDown" time="4.434"/>
  <testcase classname="MyNewClass" name="PrintDynamicDropDown" time="6.637"/>
</testsuite> <!-- MyNewClass -->
